<?xml version='1.0' encoding='UTF-8'?>
<testsuite hostname="fv-az842-837" name="nigeleke.sbt.RustPluginSpec" tests="16" errors="0" failures="0" skipped="0" time="0.53" timestamp="2023-04-09T03:47:44">
          <properties>
[...]
</properties>
          <testcase classname="nigeleke.sbt.RustPluginSpec" name="RustPlugin should expect nine rustSomething sbt commands" time="0.513">
                      
                    </testcase><testcase classname="nigeleke.sbt.RustPluginSpec" name="RustPlugin should allow the following sbt commands when rustClean" time="0.003">
                      
                    </testcase><testcase classname="nigeleke.sbt.RustPluginSpec" name="RustPlugin should allow the following sbt commands when rustCargoClean" time="0.001">
                      
                    </testcase><testcase classname="nigeleke.sbt.RustPluginSpec" name="RustPlugin should allow the following sbt commands when rustBuild" time="0.0">
                      
                    </testcase><testcase classname="nigeleke.sbt.RustPluginSpec" name="RustPlugin should allow the following sbt commands when rustTest" time="0.0">
                      
                    </testcase><testcase classname="nigeleke.sbt.RustPluginSpec" name="RustPlugin should allow the following sbt commands when rustRun" time="0.0">
                      
                    </testcase><testcase classname="nigeleke.sbt.RustPluginSpec" name="RustPlugin should allow the following sbt commands when rustRelease" time="0.001">
                      
                    </testcase><testcase classname="nigeleke.sbt.RustPluginSpec" name="RustPlugin should allow the following sbt commands when rustPackage" time="0.001">
                      
                    </testcase><testcase classname="nigeleke.sbt.RustPluginSpec" name="RustPlugin should allow the following sbt commands when rustConfig" time="0.001">
                      
                    </testcase><testcase classname="nigeleke.sbt.RustPluginSpec" name="RustPlugin should allow the following sbt commands when rustDoc" time="0.001">
                      
                    </testcase><testcase classname="nigeleke.sbt.RustPluginSpec" name="RustPlugin should allow the following sbt commands when clean" time="0.001">
                      
                    </testcase><testcase classname="nigeleke.sbt.RustPluginSpec" name="RustPlugin should allow the following sbt commands when compile" time="0.0">
                      
                    </testcase><testcase classname="nigeleke.sbt.RustPluginSpec" name="RustPlugin should allow the following sbt commands when test" time="0.005">
                      
                    </testcase><testcase classname="nigeleke.sbt.RustPluginSpec" name="RustPlugin should allow the following sbt commands when run" time="0.001">
                      
                    </testcase><testcase classname="nigeleke.sbt.RustPluginSpec" name="RustPlugin should allow the following sbt commands when package" time="0.001">
                      
                    </testcase><testcase classname="nigeleke.sbt.RustPluginSpec" name="RustPlugin should allow the following sbt commands when doc" time="0.001">
                      
                    </testcase>
          <system-out><![CDATA[]]></system-out>
          <system-err><![CDATA[]]></system-err>
        </testsuite>